[INFO] Scanning for projects...
[INFO] 
[INFO] -------------------< com.offerzone:consumer-service >-------------------
[INFO] Building consumer-service 1.0.0
[INFO]   from pom.xml
[INFO] --------------------------------[ jar ]---------------------------------
[INFO] 
[INFO] >>> spring-boot:3.1.5:run (default-cli) > test-compile @ consumer-service >>>
[INFO] 
[INFO] --- resources:3.3.1:resources (default-resources) @ consumer-service ---
[INFO] Copying 1 resource from src/main/resources to target/classes
[INFO] Copying 0 resource from src/main/resources to target/classes
[INFO] 
[INFO] --- compiler:3.11.0:compile (default-compile) @ consumer-service ---
[INFO] Nothing to compile - all classes are up to date
[INFO] 
[INFO] --- resources:3.3.1:testResources (default-testResources) @ consumer-service ---
[INFO] skip non existing resourceDirectory /Users/I528989/Desktop/Bits/Sem 3/Api Project/APIBP-20242YB-Team-11/Backend/consumer-service/src/test/resources
[INFO] 
[INFO] --- compiler:3.11.0:testCompile (default-testCompile) @ consumer-service ---
[INFO] No sources to compile
[INFO] 
[INFO] <<< spring-boot:3.1.5:run (default-cli) < test-compile @ consumer-service <<<
[INFO] 
[INFO] 
[INFO] --- spring-boot:3.1.5:run (default-cli) @ consumer-service ---
[INFO] Attaching agents: []

  .   ____          _            __ _ _
 /\\ / ___'_ __ _ _(_)_ __  __ _ \ \ \ \
( ( )\___ | '_ | '_| | '_ \/ _` | \ \ \ \
 \\/  ___)| |_)| | | | | || (_| |  ) ) ) )
  '  |____| .__|_| |_|_| |_\__, | / / / /
 =========|_|==============|___/=/_/_/_/
 :: Spring Boot ::                (v3.1.5)

2025-11-03T16:38:14.512+05:30  INFO 98004 --- [           main] c.o.consumer.ConsumerServiceApplication  : Starting ConsumerServiceApplication using Java 17.0.16 with PID 98004 (/Users/I528989/Desktop/Bits/Sem 3/Api Project/APIBP-20242YB-Team-11/Backend/consumer-service/target/classes started by I528989 in /Users/I528989/Desktop/Bits/Sem 3/Api Project/APIBP-20242YB-Team-11/Backend/consumer-service)
2025-11-03T16:38:14.513+05:30 DEBUG 98004 --- [           main] c.o.consumer.ConsumerServiceApplication  : Running with Spring Boot v3.1.5, Spring v6.0.13
2025-11-03T16:38:14.513+05:30  INFO 98004 --- [           main] c.o.consumer.ConsumerServiceApplication  : No active profile set, falling back to 1 default profile: "default"
2025-11-03T16:38:14.732+05:30  INFO 98004 --- [           main] .s.d.r.c.RepositoryConfigurationDelegate : Bootstrapping Spring Data JPA repositories in DEFAULT mode.
2025-11-03T16:38:14.750+05:30  INFO 98004 --- [           main] .s.d.r.c.RepositoryConfigurationDelegate : Finished Spring Data repository scanning in 15 ms. Found 1 JPA repository interfaces.
2025-11-03T16:38:14.901+05:30  INFO 98004 --- [           main] o.s.b.w.embedded.tomcat.TomcatWebServer  : Tomcat initialized with port(s): 8081 (http)
2025-11-03T16:38:14.904+05:30  INFO 98004 --- [           main] o.apache.catalina.core.StandardService   : Starting service [Tomcat]
2025-11-03T16:38:14.904+05:30  INFO 98004 --- [           main] o.apache.catalina.core.StandardEngine    : Starting Servlet engine: [Apache Tomcat/10.1.15]
2025-11-03T16:38:14.935+05:30  INFO 98004 --- [           main] o.a.c.c.C.[Tomcat].[localhost].[/]       : Initializing Spring embedded WebApplicationContext
2025-11-03T16:38:14.935+05:30  INFO 98004 --- [           main] w.s.c.ServletWebServerApplicationContext : Root WebApplicationContext: initialization completed in 409 ms
2025-11-03T16:38:14.946+05:30  INFO 98004 --- [           main] com.zaxxer.hikari.HikariDataSource       : HikariPool-1 - Starting...
2025-11-03T16:38:15.003+05:30  INFO 98004 --- [           main] com.zaxxer.hikari.pool.HikariPool        : HikariPool-1 - Added connection conn0: url=jdbc:h2:mem:consumerdb user=SA
2025-11-03T16:38:15.003+05:30  INFO 98004 --- [           main] com.zaxxer.hikari.HikariDataSource       : HikariPool-1 - Start completed.
2025-11-03T16:38:15.007+05:30  INFO 98004 --- [           main] o.s.b.a.h2.H2ConsoleAutoConfiguration    : H2 console available at '/h2-console'. Database available at 'jdbc:h2:mem:consumerdb'
2025-11-03T16:38:15.042+05:30  INFO 98004 --- [           main] o.hibernate.jpa.internal.util.LogHelper  : HHH000204: Processing PersistenceUnitInfo [name: default]
2025-11-03T16:38:15.067+05:30  INFO 98004 --- [           main] org.hibernate.Version                    : HHH000412: Hibernate ORM core version 6.2.13.Final
2025-11-03T16:38:15.068+05:30  INFO 98004 --- [           main] org.hibernate.cfg.Environment            : HHH000406: Using bytecode reflection optimizer
2025-11-03T16:38:15.151+05:30  INFO 98004 --- [           main] o.s.o.j.p.SpringPersistenceUnitInfo      : No LoadTimeWeaver setup: ignoring JPA class transformer
2025-11-03T16:38:15.165+05:30  WARN 98004 --- [           main] org.hibernate.orm.deprecation            : HHH90000025: H2Dialect does not need to be specified explicitly using 'hibernate.dialect' (remove the property setting and it will be selected by default)
2025-11-03T16:38:15.424+05:30  INFO 98004 --- [           main] o.h.e.t.j.p.i.JtaPlatformInitiator       : HHH000489: No JTA platform available (set 'hibernate.transaction.jta.platform' to enable JTA platform integration)
Hibernate: drop table if exists consumers cascade 
Hibernate: create table consumers (created_at timestamp(6) not null, id bigint generated by default as identity, updated_at timestamp(6), phone varchar(15), name varchar(100) not null, email varchar(150) not null unique, address varchar(200), status varchar(255) not null check (status in ('ACTIVE','INACTIVE','SUSPENDED','DELETED')), primary key (id))
2025-11-03T16:38:15.443+05:30  INFO 98004 --- [           main] j.LocalContainerEntityManagerFactoryBean : Initialized JPA EntityManagerFactory for persistence unit 'default'
2025-11-03T16:38:15.577+05:30  WARN 98004 --- [           main] JpaBaseConfiguration$JpaWebConfiguration : spring.jpa.open-in-view is enabled by default. Therefore, database queries may be performed during view rendering. Explicitly configure spring.jpa.open-in-view to disable this warning
2025-11-03T16:38:15.679+05:30  INFO 98004 --- [           main] o.s.b.w.embedded.tomcat.TomcatWebServer  : Tomcat started on port(s): 8081 (http) with context path ''
2025-11-03T16:38:15.683+05:30  INFO 98004 --- [           main] c.o.consumer.ConsumerServiceApplication  : Started ConsumerServiceApplication in 1.292 seconds (process running for 1.403)

================================================================================
ðŸš€ CONSUMER SERVICE SUCCESSFULLY STARTED! ðŸš€
================================================================================

ðŸ“‹ SERVICE INFORMATION:
   Service: CONSUMER-SERVICE
   Port: 8081
   Database: consumerdb
   Base URL: http://localhost:8081
   H2 Console: http://localhost:8081/h2-console

ðŸ” H2 DATABASE CONNECTION DETAILS:
   JDBC URL: jdbc:h2:mem:consumerdb
   Username: sa
   Password: (leave empty)
   Driver: org.h2.Driver

ðŸ› ï¸  REST API ENDPOINTS:
   GET    http://localhost:8081/api/consumers          - Get all consumers
   GET    http://localhost:8081/api/consumers/{id}     - Get consumer by ID
   POST   http://localhost:8081/api/consumers          - Create new consumer
   PUT    http://localhost:8081/api/consumers/{id}     - Update consumer
   DELETE http://localhost:8081/api/consumers/{id}     - Delete consumer

ðŸ“ SAMPLE JSON FOR POST/PUT:
   {
       "name": "John Doe",
       "email": "john@example.com",
       "phone": "1234567890",
       "address": "123 Main St",
       "city": "New York",
       "state": "NY",
       "zipCode": "10001",
       "dateOfBirth": "1990-01-15",
       "gender": "MALE",
       "status": "ACTIVE"
   }

ðŸ”§ QUICK CURL TESTING COMMANDS:
   # Get all consumers
   curl -X GET http://localhost:8081/api/consumers

   # Create a new consumer
   curl -X POST http://localhost:8081/api/consumers \
        -H "Content-Type: application/json" \
        -d '{"name":"John Doe","email":"john@example.com","phone":"1234567890"}'

ðŸ§ª TESTING STEPS:
   1. ðŸŒ Open browser: http://localhost:8081/h2-console
   2. ðŸ”— Use JDBC URL: jdbc:h2:mem:consumerdb
   3. ðŸ“Š Check 'consumers' table: SELECT * FROM consumers
   4. ðŸ”„ Test APIs using curl commands above
   5. âœ… Verify data persists in H2 console

================================================================================
âœ¨ Service is ready for testing! âœ¨
================================================================================

2025-11-03T16:38:27.332+05:30  INFO 98004 --- [nio-8081-exec-1] o.a.c.c.C.[Tomcat].[localhost].[/]       : Initializing Spring DispatcherServlet 'dispatcherServlet'
2025-11-03T16:38:27.333+05:30  INFO 98004 --- [nio-8081-exec-1] o.s.web.servlet.DispatcherServlet        : Initializing Servlet 'dispatcherServlet'
2025-11-03T16:38:27.333+05:30  INFO 98004 --- [nio-8081-exec-1] o.s.web.servlet.DispatcherServlet        : Completed initialization in 0 ms
Hibernate: select c1_0.id,c1_0.address,c1_0.created_at,c1_0.email,c1_0.name,c1_0.phone,c1_0.status,c1_0.updated_at from consumers c1_0
Hibernate: insert into consumers (address,created_at,email,name,phone,status,updated_at,id) values (?,?,?,?,?,?,?,default)
Hibernate: select c1_0.id,c1_0.address,c1_0.created_at,c1_0.email,c1_0.name,c1_0.phone,c1_0.status,c1_0.updated_at from consumers c1_0
Hibernate: select c1_0.id,c1_0.address,c1_0.created_at,c1_0.email,c1_0.name,c1_0.phone,c1_0.status,c1_0.updated_at from consumers c1_0 where c1_0.id=?
Hibernate: select c1_0.id,c1_0.address,c1_0.created_at,c1_0.email,c1_0.name,c1_0.phone,c1_0.status,c1_0.updated_at from consumers c1_0 where c1_0.id=?
Hibernate: update consumers set address=?,email=?,name=?,phone=?,status=?,updated_at=? where id=?
Hibernate: insert into consumers (address,created_at,email,name,phone,status,updated_at,id) values (?,?,?,?,?,?,?,default)
Hibernate: select c1_0.id,c1_0.address,c1_0.created_at,c1_0.email,c1_0.name,c1_0.phone,c1_0.status,c1_0.updated_at from consumers c1_0 where c1_0.id=?
Hibernate: delete from consumers where id=?
Hibernate: select c1_0.id,c1_0.address,c1_0.created_at,c1_0.email,c1_0.name,c1_0.phone,c1_0.status,c1_0.updated_at from consumers c1_0
[INFO] ------------------------------------------------------------------------
[INFO] BUILD FAILURE
[INFO] ------------------------------------------------------------------------
[INFO] Total time:  04:39 min
[INFO] Finished at: 2025-11-03T16:42:53+05:30
[INFO] ------------------------------------------------------------------------
[ERROR] Failed to execute goal org.springframework.boot:spring-boot-maven-plugin:3.1.5:run (default-cli) on project consumer-service: Process terminated with exit code: 137 -> [Help 1]
[ERROR] 
[ERROR] To see the full stack trace of the errors, re-run Maven with the -e switch.
[ERROR] Re-run Maven using the -X switch to enable full debug logging.
[ERROR] 
[ERROR] For more information about the errors and possible solutions, please read the following articles:
[ERROR] [Help 1] http://cwiki.apache.org/confluence/display/MAVEN/MojoExecutionException
