[INFO] Scanning for projects...
[INFO] 
[INFO] -------------------< com.offerzone:product-service >--------------------
[INFO] Building product-service 1.0.0
[INFO]   from pom.xml
[INFO] --------------------------------[ jar ]---------------------------------
[INFO] 
[INFO] >>> spring-boot:3.1.5:run (default-cli) > test-compile @ product-service >>>
[INFO] 
[INFO] --- resources:3.3.1:resources (default-resources) @ product-service ---
[INFO] Copying 1 resource from src/main/resources to target/classes
[INFO] Copying 0 resource from src/main/resources to target/classes
[INFO] 
[INFO] --- compiler:3.11.0:compile (default-compile) @ product-service ---
[INFO] Nothing to compile - all classes are up to date
[INFO] 
[INFO] --- resources:3.3.1:testResources (default-testResources) @ product-service ---
[INFO] skip non existing resourceDirectory /Users/I528989/Desktop/Bits/Sem 3/Api Project/APIBP-20242YB-Team-11/Backend/product-service/src/test/resources
[INFO] 
[INFO] --- compiler:3.11.0:testCompile (default-testCompile) @ product-service ---
[INFO] No sources to compile
[INFO] 
[INFO] <<< spring-boot:3.1.5:run (default-cli) < test-compile @ product-service <<<
[INFO] 
[INFO] 
[INFO] --- spring-boot:3.1.5:run (default-cli) @ product-service ---
[INFO] Attaching agents: []

  .   ____          _            __ _ _
 /\\ / ___'_ __ _ _(_)_ __  __ _ \ \ \ \
( ( )\___ | '_ | '_| | '_ \/ _` | \ \ \ \
 \\/  ___)| |_)| | | | | || (_| |  ) ) ) )
  '  |____| .__|_| |_|_| |_\__, | / / / /
 =========|_|==============|___/=/_/_/_/
 :: Spring Boot ::                (v3.1.5)

2025-11-03T17:10:58.212+05:30  INFO 62280 --- [           main] c.o.product.ProductServiceApplication    : Starting ProductServiceApplication using Java 17.0.16 with PID 62280 (/Users/I528989/Desktop/Bits/Sem 3/Api Project/APIBP-20242YB-Team-11/Backend/product-service/target/classes started by I528989 in /Users/I528989/Desktop/Bits/Sem 3/Api Project/APIBP-20242YB-Team-11/Backend/product-service)
2025-11-03T17:10:58.213+05:30 DEBUG 62280 --- [           main] c.o.product.ProductServiceApplication    : Running with Spring Boot v3.1.5, Spring v6.0.13
2025-11-03T17:10:58.213+05:30  INFO 62280 --- [           main] c.o.product.ProductServiceApplication    : No active profile set, falling back to 1 default profile: "default"
2025-11-03T17:10:58.386+05:30  INFO 62280 --- [           main] .s.d.r.c.RepositoryConfigurationDelegate : Bootstrapping Spring Data JPA repositories in DEFAULT mode.
2025-11-03T17:10:58.392+05:30  INFO 62280 --- [           main] .s.d.r.c.RepositoryConfigurationDelegate : Finished Spring Data repository scanning in 4 ms. Found 0 JPA repository interfaces.
2025-11-03T17:10:58.559+05:30  INFO 62280 --- [           main] o.s.b.w.embedded.tomcat.TomcatWebServer  : Tomcat initialized with port(s): 8083 (http)
2025-11-03T17:10:58.562+05:30  INFO 62280 --- [           main] o.apache.catalina.core.StandardService   : Starting service [Tomcat]
2025-11-03T17:10:58.562+05:30  INFO 62280 --- [           main] o.apache.catalina.core.StandardEngine    : Starting Servlet engine: [Apache Tomcat/10.1.15]
2025-11-03T17:10:58.598+05:30  INFO 62280 --- [           main] o.a.c.c.C.[Tomcat].[localhost].[/]       : Initializing Spring embedded WebApplicationContext
2025-11-03T17:10:58.599+05:30  INFO 62280 --- [           main] w.s.c.ServletWebServerApplicationContext : Root WebApplicationContext: initialization completed in 373 ms
2025-11-03T17:10:58.609+05:30  INFO 62280 --- [           main] com.zaxxer.hikari.HikariDataSource       : HikariPool-1 - Starting...
2025-11-03T17:10:58.675+05:30  INFO 62280 --- [           main] com.zaxxer.hikari.pool.HikariPool        : HikariPool-1 - Added connection conn0: url=jdbc:h2:mem:productdb user=SA
2025-11-03T17:10:58.676+05:30  INFO 62280 --- [           main] com.zaxxer.hikari.HikariDataSource       : HikariPool-1 - Start completed.
2025-11-03T17:10:58.680+05:30  INFO 62280 --- [           main] o.s.b.a.h2.H2ConsoleAutoConfiguration    : H2 console available at '/h2-console'. Database available at 'jdbc:h2:mem:productdb'
2025-11-03T17:10:58.716+05:30  INFO 62280 --- [           main] o.hibernate.jpa.internal.util.LogHelper  : HHH000204: Processing PersistenceUnitInfo [name: default]
2025-11-03T17:10:58.734+05:30  INFO 62280 --- [           main] org.hibernate.Version                    : HHH000412: Hibernate ORM core version 6.2.13.Final
2025-11-03T17:10:58.735+05:30  INFO 62280 --- [           main] org.hibernate.cfg.Environment            : HHH000406: Using bytecode reflection optimizer
2025-11-03T17:10:58.824+05:30  INFO 62280 --- [           main] o.s.o.j.p.SpringPersistenceUnitInfo      : No LoadTimeWeaver setup: ignoring JPA class transformer
2025-11-03T17:10:58.839+05:30  WARN 62280 --- [           main] org.hibernate.orm.deprecation            : HHH90000025: H2Dialect does not need to be specified explicitly using 'hibernate.dialect' (remove the property setting and it will be selected by default)
2025-11-03T17:10:59.165+05:30  INFO 62280 --- [           main] o.h.e.t.j.p.i.JtaPlatformInitiator       : HHH000489: No JTA platform available (set 'hibernate.transaction.jta.platform' to enable JTA platform integration)
Hibernate: 
    drop table if exists products cascade 
Hibernate: 
    create table products (
        current_redemptions integer check (current_redemptions>=0),
        discount_percentage numeric(5,2),
        is_featured boolean,
        is_offer_active boolean,
        max_redemptions integer check (max_redemptions>=0),
        offer_price numeric(12,2),
        original_price numeric(12,2) not null,
        stock_quantity integer check (stock_quantity>=0),
        brand_id bigint not null,
        created_at timestamp(6) not null,
        id bigint generated by default as identity,
        offer_end_date timestamp(6),
        offer_start_date timestamp(6),
        retailer_id bigint not null,
        updated_at timestamp(6),
        category varchar(100),
        sku varchar(100) unique,
        name varchar(200) not null,
        image_url varchar(500),
        offer_terms varchar(500),
        description varchar(1000),
        status varchar(255) not null check (status in ('ACTIVE','INACTIVE','OUT_OF_STOCK','DISCONTINUED','DRAFT')),
        primary key (id)
    )
2025-11-03T17:10:59.178+05:30  INFO 62280 --- [           main] j.LocalContainerEntityManagerFactoryBean : Initialized JPA EntityManagerFactory for persistence unit 'default'
2025-11-03T17:10:59.192+05:30  WARN 62280 --- [           main] JpaBaseConfiguration$JpaWebConfiguration : spring.jpa.open-in-view is enabled by default. Therefore, database queries may be performed during view rendering. Explicitly configure spring.jpa.open-in-view to disable this warning
2025-11-03T17:10:59.301+05:30  INFO 62280 --- [           main] o.s.b.w.embedded.tomcat.TomcatWebServer  : Tomcat started on port(s): 8083 (http) with context path ''
2025-11-03T17:10:59.305+05:30  INFO 62280 --- [           main] c.o.product.ProductServiceApplication    : Started ProductServiceApplication in 1.212 seconds (process running for 1.331)

================================================================================
🚀 PRODUCT SERVICE SUCCESSFULLY STARTED! 🚀
================================================================================

📋 SERVICE INFORMATION:
   Service: PRODUCT-SERVICE
   Port: 8083
   Database: productdb
   Base URL: http://localhost:8083
   H2 Console: http://localhost:8083/h2-console

🔐 H2 DATABASE CONNECTION DETAILS:
   JDBC URL: jdbc:h2:mem:productdb
   Username: sa
   Password: (leave empty)
   Driver: org.h2.Driver

🛠️  REST API ENDPOINTS:
   GET    http://localhost:8083/api/products          - Get all products
   GET    http://localhost:8083/api/products/{id}     - Get product by ID
   POST   http://localhost:8083/api/products          - Create new product
   PUT    http://localhost:8083/api/products/{id}     - Update product
   DELETE http://localhost:8083/api/products/{id}     - Delete product

📝 SAMPLE JSON FOR POST/PUT (Products with Integrated Offers):
   {
       "name": "iPhone 15 Pro",
       "description": "Latest iPhone with amazing features",
       "retailerId": 1,
       "brandId": 1,
       "originalPrice": 999.99,
       "offerPrice": 799.99,
       "offerStartDate": "2024-01-01T00:00:00",
       "offerEndDate": "2024-12-31T23:59:59",
       "isOfferActive": true,
       "category": "Electronics",
       "sku": "IPHONE15PRO",
       "stockQuantity": 100,
       "maxRedemptions": 50,
       "offerTerms": "Limited time offer",
       "status": "ACTIVE"
   }

🔧 QUICK CURL TESTING COMMANDS:
   # Get all products
   curl -X GET http://localhost:8083/api/products

   # Create a new product with offer
   curl -X POST http://localhost:8083/api/products \
        -H "Content-Type: application/json" \
        -d '{"name":"Sample Product","originalPrice":100,"offerPrice":80,"isOfferActive":true}'

🧪 TESTING STEPS:
   1. 🌐 Open browser: http://localhost:8083/h2-console
   2. 🔗 Use JDBC URL: jdbc:h2:mem:productdb
   3. 📊 Check 'products' table: SELECT * FROM products
   4. 🔄 Test APIs using curl commands above
   5. ✅ Verify offer calculations work automatically

💡 SPECIAL FEATURES:
   - Integrated Offers: No separate offer entity needed
   - Auto Discount Calculation: Updates when prices change
   - Offer Validation: Checks dates, redemptions, stock
   - Effective Price: Returns offer price when valid, original otherwise

================================================================================
✨ Product Service with Integrated Offers is ready for testing! ✨
================================================================================
2025-11-03T17:13:53.487+05:30  INFO 62280 --- [nio-8083-exec-7] o.a.c.c.C.[Tomcat].[localhost].[/]       : Initializing Spring DispatcherServlet 'dispatcherServlet'
2025-11-03T17:13:53.488+05:30  INFO 62280 --- [nio-8083-exec-7] o.s.web.servlet.DispatcherServlet        : Initializing Servlet 'dispatcherServlet'
2025-11-03T17:13:53.492+05:30  INFO 62280 --- [nio-8083-exec-7] o.s.web.servlet.DispatcherServlet        : Completed initialization in 4 ms
2025-11-03T17:20:24.664+05:30  WARN 62280 --- [l-1 housekeeper] com.zaxxer.hikari.pool.HikariPool        : HikariPool-1 - Thread starvation or clock leap detected (housekeeper delta=1m25s806ms).
2025-11-03T18:05:30.547+05:30  WARN 62280 --- [l-1 housekeeper] com.zaxxer.hikari.pool.HikariPool        : HikariPool-1 - Thread starvation or clock leap detected (housekeeper delta=2m3s136ms).
2025-11-03T18:07:20.083+05:30  WARN 62280 --- [l-1 housekeeper] com.zaxxer.hikari.pool.HikariPool        : HikariPool-1 - Thread starvation or clock leap detected (housekeeper delta=1m19s502ms).
2025-11-03T18:09:14.959+05:30  WARN 62280 --- [l-1 housekeeper] com.zaxxer.hikari.pool.HikariPool        : HikariPool-1 - Thread starvation or clock leap detected (housekeeper delta=54s865ms).
2025-11-03T18:25:35.321+05:30  WARN 62280 --- [l-1 housekeeper] com.zaxxer.hikari.pool.HikariPool        : HikariPool-1 - Thread starvation or clock leap detected (housekeeper delta=15m50s345ms).
2025-11-03T18:42:40.014+05:30  WARN 62280 --- [l-1 housekeeper] com.zaxxer.hikari.pool.HikariPool        : HikariPool-1 - Thread starvation or clock leap detected (housekeeper delta=17m4s698ms).
2025-11-03T18:58:16.652+05:30  WARN 62280 --- [l-1 housekeeper] com.zaxxer.hikari.pool.HikariPool        : HikariPool-1 - Thread starvation or clock leap detected (housekeeper delta=15m36s638ms).
2025-11-03T19:02:26.653+05:30  WARN 62280 --- [l-1 housekeeper] com.zaxxer.hikari.pool.HikariPool        : HikariPool-1 - Thread starvation or clock leap detected (housekeeper delta=4m10s2ms).
2025-11-03T19:02:56.512+05:30  WARN 62280 --- [l-1 housekeeper] com.zaxxer.hikari.pool.HikariPool        : HikariPool-1 - Retrograde clock change detected (housekeeper delta=29s856ms), soft-evicting connections from pool.
2025-11-03T19:11:09.419+05:30  WARN 62280 --- [l-1 housekeeper] com.zaxxer.hikari.pool.HikariPool        : HikariPool-1 - Thread starvation or clock leap detected (housekeeper delta=3m12s773ms).
2025-11-03T19:27:24.394+05:30  WARN 62280 --- [l-1 housekeeper] com.zaxxer.hikari.pool.HikariPool        : HikariPool-1 - Thread starvation or clock leap detected (housekeeper delta=15m44s957ms).
2025-11-03T19:43:20.290+05:30  WARN 62280 --- [l-1 housekeeper] com.zaxxer.hikari.pool.HikariPool        : HikariPool-1 - Thread starvation or clock leap detected (housekeeper delta=15m55s898ms).
2025-11-03T20:00:16.115+05:30  WARN 62280 --- [l-1 housekeeper] com.zaxxer.hikari.pool.HikariPool        : HikariPool-1 - Thread starvation or clock leap detected (housekeeper delta=15m55s810ms).
2025-11-03T20:16:41.935+05:30  WARN 62280 --- [l-1 housekeeper] com.zaxxer.hikari.pool.HikariPool        : HikariPool-1 - Thread starvation or clock leap detected (housekeeper delta=15m55s814ms).
2025-11-03T20:32:57.477+05:30  WARN 62280 --- [l-1 housekeeper] com.zaxxer.hikari.pool.HikariPool        : HikariPool-1 - Thread starvation or clock leap detected (housekeeper delta=15m15s494ms).
2025-11-03T20:48:53.264+05:30  WARN 62280 --- [l-1 housekeeper] com.zaxxer.hikari.pool.HikariPool        : HikariPool-1 - Thread starvation or clock leap detected (housekeeper delta=15m55s787ms).
2025-11-03T21:07:17.489+05:30  WARN 62280 --- [l-1 housekeeper] com.zaxxer.hikari.pool.HikariPool        : HikariPool-1 - Thread starvation or clock leap detected (housekeeper delta=17m54s205ms).
2025-11-03T21:12:39.986+05:30  WARN 62280 --- [l-1 housekeeper] com.zaxxer.hikari.pool.HikariPool        : HikariPool-1 - Thread starvation or clock leap detected (housekeeper delta=5m22s497ms).
2025-11-03T21:18:52.237+05:30  WARN 62280 --- [l-1 housekeeper] com.zaxxer.hikari.pool.HikariPool        : HikariPool-1 - Thread starvation or clock leap detected (housekeeper delta=5m12s238ms).
2025-11-03T21:53:02.851+05:30  WARN 62280 --- [l-1 housekeeper] com.zaxxer.hikari.pool.HikariPool        : HikariPool-1 - Thread starvation or clock leap detected (housekeeper delta=13m40s333ms).
2025-11-03T22:15:06.527+05:30  INFO 62280 --- [ionShutdownHook] j.LocalContainerEntityManagerFactoryBean : Closing JPA EntityManagerFactory for persistence unit 'default'
Hibernate: 
    drop table if exists products cascade 
2025-11-03T22:15:06.582+05:30  INFO 62280 --- [ionShutdownHook] com.zaxxer.hikari.HikariDataSource       : HikariPool-1 - Shutdown initiated...
2025-11-03T22:15:06.594+05:30  INFO 62280 --- [ionShutdownHook] com.zaxxer.hikari.HikariDataSource       : HikariPool-1 - Shutdown completed.
