[INFO] Scanning for projects...
[INFO] 
[INFO] --------------------< com.offerzone:brand-service >---------------------
[INFO] Building Brand Service 1.0.0
[INFO]   from pom.xml
[INFO] --------------------------------[ jar ]---------------------------------
[INFO] 
[INFO] >>> spring-boot:3.1.5:run (default-cli) > test-compile @ brand-service >>>
[INFO] 
[INFO] --- resources:3.3.1:resources (default-resources) @ brand-service ---
[INFO] Copying 1 resource from src/main/resources to target/classes
[INFO] Copying 0 resource from src/main/resources to target/classes
[INFO] 
[INFO] --- compiler:3.11.0:compile (default-compile) @ brand-service ---
[INFO] Nothing to compile - all classes are up to date
[INFO] 
[INFO] --- resources:3.3.1:testResources (default-testResources) @ brand-service ---
[INFO] skip non existing resourceDirectory /Users/I528989/Desktop/Bits/Sem 3/Api Project/APIBP-20242YB-Team-11/Backend/brand-service/src/test/resources
[INFO] 
[INFO] --- compiler:3.11.0:testCompile (default-testCompile) @ brand-service ---
[INFO] No sources to compile
[INFO] 
[INFO] <<< spring-boot:3.1.5:run (default-cli) < test-compile @ brand-service <<<
[INFO] 
[INFO] 
[INFO] --- spring-boot:3.1.5:run (default-cli) @ brand-service ---
[INFO] Attaching agents: []

  .   ____          _            __ _ _
 /\\ / ___'_ __ _ _(_)_ __  __ _ \ \ \ \
( ( )\___ | '_ | '_| | '_ \/ _` | \ \ \ \
 \\/  ___)| |_)| | | | | || (_| |  ) ) ) )
  '  |____| .__|_| |_|_| |_\__, | / / / /
 =========|_|==============|___/=/_/_/_/
 :: Spring Boot ::                (v3.1.5)

2025-11-03T16:04:30.498+05:30  INFO 36024 --- [           main] c.o.brand.BrandServiceApplication        : Starting BrandServiceApplication using Java 17.0.16 with PID 36024 (/Users/I528989/Desktop/Bits/Sem 3/Api Project/APIBP-20242YB-Team-11/Backend/brand-service/target/classes started by I528989 in /Users/I528989/Desktop/Bits/Sem 3/Api Project/APIBP-20242YB-Team-11/Backend/brand-service)
2025-11-03T16:04:30.505+05:30  INFO 36024 --- [           main] c.o.brand.BrandServiceApplication        : No active profile set, falling back to 1 default profile: "default"
2025-11-03T16:04:30.889+05:30  INFO 36024 --- [           main] .s.d.r.c.RepositoryConfigurationDelegate : Bootstrapping Spring Data JPA repositories in DEFAULT mode.
2025-11-03T16:04:30.901+05:30  INFO 36024 --- [           main] .s.d.r.c.RepositoryConfigurationDelegate : Finished Spring Data repository scanning in 7 ms. Found 0 JPA repository interfaces.
2025-11-03T16:04:31.172+05:30  INFO 36024 --- [           main] o.s.b.w.embedded.tomcat.TomcatWebServer  : Tomcat initialized with port(s): 8084 (http)
2025-11-03T16:04:31.180+05:30  INFO 36024 --- [           main] o.apache.catalina.core.StandardService   : Starting service [Tomcat]
2025-11-03T16:04:31.180+05:30  INFO 36024 --- [           main] o.apache.catalina.core.StandardEngine    : Starting Servlet engine: [Apache Tomcat/10.1.15]
2025-11-03T16:04:31.250+05:30  INFO 36024 --- [           main] o.a.c.c.C.[Tomcat].[localhost].[/]       : Initializing Spring embedded WebApplicationContext
2025-11-03T16:04:31.251+05:30  INFO 36024 --- [           main] w.s.c.ServletWebServerApplicationContext : Root WebApplicationContext: initialization completed in 698 ms
2025-11-03T16:04:31.264+05:30  INFO 36024 --- [           main] com.zaxxer.hikari.HikariDataSource       : HikariPool-1 - Starting...
2025-11-03T16:04:31.335+05:30  INFO 36024 --- [           main] com.zaxxer.hikari.pool.HikariPool        : HikariPool-1 - Added connection conn0: url=jdbc:h2:mem:branddb user=SA
2025-11-03T16:04:31.335+05:30  INFO 36024 --- [           main] com.zaxxer.hikari.HikariDataSource       : HikariPool-1 - Start completed.
2025-11-03T16:04:31.340+05:30  INFO 36024 --- [           main] o.s.b.a.h2.H2ConsoleAutoConfiguration    : H2 console available at '/h2-console'. Database available at 'jdbc:h2:mem:branddb'
2025-11-03T16:04:31.428+05:30  INFO 36024 --- [           main] o.hibernate.jpa.internal.util.LogHelper  : HHH000204: Processing PersistenceUnitInfo [name: default]
2025-11-03T16:04:31.459+05:30  INFO 36024 --- [           main] org.hibernate.Version                    : HHH000412: Hibernate ORM core version 6.2.13.Final
2025-11-03T16:04:31.460+05:30  INFO 36024 --- [           main] org.hibernate.cfg.Environment            : HHH000406: Using bytecode reflection optimizer
2025-11-03T16:04:31.602+05:30  INFO 36024 --- [           main] o.s.o.j.p.SpringPersistenceUnitInfo      : No LoadTimeWeaver setup: ignoring JPA class transformer
2025-11-03T16:04:31.623+05:30  WARN 36024 --- [           main] org.hibernate.orm.deprecation            : HHH90000025: H2Dialect does not need to be specified explicitly using 'hibernate.dialect' (remove the property setting and it will be selected by default)
2025-11-03T16:04:31.981+05:30  INFO 36024 --- [           main] o.h.e.t.j.p.i.JtaPlatformInitiator       : HHH000489: No JTA platform available (set 'hibernate.transaction.jta.platform' to enable JTA platform integration)
Hibernate: drop table if exists brands cascade 
Hibernate: create table brands (is_featured boolean, is_verified boolean, rating float(53), review_count integer check (review_count>=0), created_at timestamp(6) not null, id bigint generated by default as identity, updated_at timestamp(6), zip_code varchar(10), contact_phone varchar(15), category varchar(100), city varchar(100), country varchar(100), name varchar(100) not null, state varchar(100), contact_email varchar(150), address varchar(200), description varchar(500), facebook_url varchar(500), instagram_url varchar(500), logo_url varchar(500), operating_hours varchar(500), twitter_url varchar(500), website_url varchar(500), brand_type varchar(255) not null check (brand_type in ('BRAND','SHOP')), status varchar(255) not null check (status in ('ACTIVE','INACTIVE','PENDING_VERIFICATION','SUSPENDED','CLOSED')), primary key (id))
2025-11-03T16:04:31.997+05:30  INFO 36024 --- [           main] j.LocalContainerEntityManagerFactoryBean : Initialized JPA EntityManagerFactory for persistence unit 'default'
2025-11-03T16:04:32.013+05:30  WARN 36024 --- [           main] JpaBaseConfiguration$JpaWebConfiguration : spring.jpa.open-in-view is enabled by default. Therefore, database queries may be performed during view rendering. Explicitly configure spring.jpa.open-in-view to disable this warning
2025-11-03T16:04:32.256+05:30  INFO 36024 --- [           main] o.s.b.w.embedded.tomcat.TomcatWebServer  : Tomcat started on port(s): 8084 (http) with context path ''
2025-11-03T16:04:32.260+05:30  INFO 36024 --- [           main] c.o.brand.BrandServiceApplication        : Started BrandServiceApplication in 2.062 seconds (process running for 2.253)

================================================================================
🚀 BRAND SERVICE SUCCESSFULLY STARTED! 🚀
================================================================================

📋 SERVICE INFORMATION:
   Service: BRAND-SERVICE
   Port: 8084
   Database: branddb
   Base URL: http://localhost:8084
   H2 Console: http://localhost:8084/h2-console

🔐 H2 DATABASE CONNECTION DETAILS:
   JDBC URL: jdbc:h2:mem:branddb
   Username: sa
   Password: (leave empty)
   Driver: org.h2.Driver

🛠️  REST API ENDPOINTS:
   GET    http://localhost:8084/api/brands             - Get all brands
   GET    http://localhost:8084/api/brands/{id}        - Get brand by ID
   POST   http://localhost:8084/api/brands             - Create new brand
   PUT    http://localhost:8084/api/brands/{id}        - Update brand
   DELETE http://localhost:8084/api/brands/{id}        - Delete brand

📝 SAMPLE JSON FOR POST/PUT (Brand Example):
   {
       "name": "Nike",
       "description": "Global sportswear brand",
       "brandType": "BRAND",
       "logoUrl": "https://example.com/nike-logo.png",
       "websiteUrl": "https://nike.com",
       "contactEmail": "contact@nike.com",
       "category": "Sportswear",
       "isVerified": true,
       "status": "ACTIVE"
   }

📝 SAMPLE JSON FOR POST/PUT (Shop Example):
   {
       "name": "Joe's Pizza",
       "description": "Best pizza in town",
       "brandType": "SHOP",
       "address": "123 Main Street",
       "city": "New York",
       "state": "NY",
       "zipCode": "10001",
       "contactPhone": "1234567890",
       "operatingHours": "9 AM - 11 PM",
       "category": "Restaurant",
       "status": "ACTIVE"
   }

🔧 QUICK CURL TESTING COMMANDS:
   # Get all brands
   curl -X GET http://localhost:8084/api/brands

   # Create a new brand
   curl -X POST http://localhost:8084/api/brands \
        -H "Content-Type: application/json" \
        -d '{"name":"Sample Brand","brandType":"BRAND","description":"Test brand"}'

   # Create a new shop
   curl -X POST http://localhost:8084/api/brands \
        -H "Content-Type: application/json" \
        -d '{"name":"Local Shop","brandType":"SHOP","city":"New York"}'

🧪 TESTING STEPS:
   1. 🌐 Open browser: http://localhost:8084/h2-console
   2. 🔗 Use JDBC URL: jdbc:h2:mem:branddb
   3. 📊 Check 'brands' table: SELECT * FROM brands
   4. 🔄 Test APIs using curl commands above
   5. ✅ Verify both brands and shops work in same table

💡 SPECIAL FEATURES:
   - Combined Entity: Brands and Shops in one table
   - Brand Type: BRAND (global) or SHOP (local)
   - Smart Fields: Logo/website for brands, address/hours for shops
   - Rating System: Supports ratings and verification
   - Full Address: Automatic full address formatting

================================================================================
✨ Brand Service (Brands + Shops) is ready for testing! ✨
================================================================================
2025-11-03T16:06:30.129+05:30  INFO 36024 --- [nio-8084-exec-1] o.a.c.c.C.[Tomcat].[localhost].[/]       : Initializing Spring DispatcherServlet 'dispatcherServlet'
2025-11-03T16:06:30.130+05:30  INFO 36024 --- [nio-8084-exec-1] o.s.web.servlet.DispatcherServlet        : Initializing Servlet 'dispatcherServlet'
2025-11-03T16:06:30.133+05:30  INFO 36024 --- [nio-8084-exec-1] o.s.web.servlet.DispatcherServlet        : Completed initialization in 3 ms
2025-11-03T16:10:28.710+05:30  INFO 36024 --- [ionShutdownHook] j.LocalContainerEntityManagerFactoryBean : Closing JPA EntityManagerFactory for persistence unit 'default'
Hibernate: drop table if exists brands cascade 
2025-11-03T16:10:28.890+05:30  INFO 36024 --- [ionShutdownHook] com.zaxxer.hikari.HikariDataSource       : HikariPool-1 - Shutdown initiated...
2025-11-03T16:10:28.900+05:30  INFO 36024 --- [ionShutdownHook] com.zaxxer.hikari.HikariDataSource       : HikariPool-1 - Shutdown completed.
