[INFO] Scanning for projects...
[INFO] 
[INFO] -------------------< com.offerzone:product-service >--------------------
[INFO] Building product-service 1.0.0
[INFO]   from pom.xml
[INFO] --------------------------------[ jar ]---------------------------------
[INFO] 
[INFO] >>> spring-boot:3.1.5:run (default-cli) > test-compile @ product-service >>>
[INFO] 
[INFO] --- resources:3.3.1:resources (default-resources) @ product-service ---
[INFO] Copying 1 resource from src/main/resources to target/classes
[INFO] Copying 0 resource from src/main/resources to target/classes
[INFO] 
[INFO] --- compiler:3.11.0:compile (default-compile) @ product-service ---
[INFO] Changes detected - recompiling the module! :input tree
[INFO] Compiling 4 source files with javac [debug release 17] to target/classes
[INFO] /Users/I528989/Desktop/Bits/Sem 3/Api Project/APIBP-20242YB-Team-11/Backend/product-service/src/main/java/com/offerzone/product/entity/Product.java: /Users/I528989/Desktop/Bits/Sem 3/Api Project/APIBP-20242YB-Team-11/Backend/product-service/src/main/java/com/offerzone/product/entity/Product.java uses or overrides a deprecated API.
[INFO] /Users/I528989/Desktop/Bits/Sem 3/Api Project/APIBP-20242YB-Team-11/Backend/product-service/src/main/java/com/offerzone/product/entity/Product.java: Recompile with -Xlint:deprecation for details.
[INFO] 
[INFO] --- resources:3.3.1:testResources (default-testResources) @ product-service ---
[INFO] skip non existing resourceDirectory /Users/I528989/Desktop/Bits/Sem 3/Api Project/APIBP-20242YB-Team-11/Backend/product-service/src/test/resources
[INFO] 
[INFO] --- compiler:3.11.0:testCompile (default-testCompile) @ product-service ---
[INFO] No sources to compile
[INFO] 
[INFO] <<< spring-boot:3.1.5:run (default-cli) < test-compile @ product-service <<<
[INFO] 
[INFO] 
[INFO] --- spring-boot:3.1.5:run (default-cli) @ product-service ---
[INFO] Attaching agents: []

  .   ____          _            __ _ _
 /\\ / ___'_ __ _ _(_)_ __  __ _ \ \ \ \
( ( )\___ | '_ | '_| | '_ \/ _` | \ \ \ \
 \\/  ___)| |_)| | | | | || (_| |  ) ) ) )
  '  |____| .__|_| |_|_| |_\__, | / / / /
 =========|_|==============|___/=/_/_/_/
 :: Spring Boot ::                (v3.1.5)

2025-11-03T16:04:30.505+05:30  INFO 36025 --- [           main] c.o.product.ProductServiceApplication    : Starting ProductServiceApplication using Java 17.0.16 with PID 36025 (/Users/I528989/Desktop/Bits/Sem 3/Api Project/APIBP-20242YB-Team-11/Backend/product-service/target/classes started by I528989 in /Users/I528989/Desktop/Bits/Sem 3/Api Project/APIBP-20242YB-Team-11/Backend/product-service)
2025-11-03T16:04:30.508+05:30 DEBUG 36025 --- [           main] c.o.product.ProductServiceApplication    : Running with Spring Boot v3.1.5, Spring v6.0.13
2025-11-03T16:04:30.508+05:30  INFO 36025 --- [           main] c.o.product.ProductServiceApplication    : No active profile set, falling back to 1 default profile: "default"
2025-11-03T16:04:30.961+05:30  INFO 36025 --- [           main] .s.d.r.c.RepositoryConfigurationDelegate : Bootstrapping Spring Data JPA repositories in DEFAULT mode.
2025-11-03T16:04:30.973+05:30  INFO 36025 --- [           main] .s.d.r.c.RepositoryConfigurationDelegate : Finished Spring Data repository scanning in 7 ms. Found 0 JPA repository interfaces.
2025-11-03T16:04:31.211+05:30  INFO 36025 --- [           main] o.s.b.w.embedded.tomcat.TomcatWebServer  : Tomcat initialized with port(s): 8083 (http)
2025-11-03T16:04:31.215+05:30  INFO 36025 --- [           main] o.apache.catalina.core.StandardService   : Starting service [Tomcat]
2025-11-03T16:04:31.215+05:30  INFO 36025 --- [           main] o.apache.catalina.core.StandardEngine    : Starting Servlet engine: [Apache Tomcat/10.1.15]
2025-11-03T16:04:31.250+05:30  INFO 36025 --- [           main] o.a.c.c.C.[Tomcat].[localhost].[/]       : Initializing Spring embedded WebApplicationContext
2025-11-03T16:04:31.251+05:30  INFO 36025 --- [           main] w.s.c.ServletWebServerApplicationContext : Root WebApplicationContext: initialization completed in 696 ms
2025-11-03T16:04:31.263+05:30  INFO 36025 --- [           main] com.zaxxer.hikari.HikariDataSource       : HikariPool-1 - Starting...
2025-11-03T16:04:31.334+05:30  INFO 36025 --- [           main] com.zaxxer.hikari.pool.HikariPool        : HikariPool-1 - Added connection conn0: url=jdbc:h2:mem:productdb user=SA
2025-11-03T16:04:31.335+05:30  INFO 36025 --- [           main] com.zaxxer.hikari.HikariDataSource       : HikariPool-1 - Start completed.
2025-11-03T16:04:31.339+05:30  INFO 36025 --- [           main] o.s.b.a.h2.H2ConsoleAutoConfiguration    : H2 console available at '/h2-console'. Database available at 'jdbc:h2:mem:productdb'
2025-11-03T16:04:31.428+05:30  INFO 36025 --- [           main] o.hibernate.jpa.internal.util.LogHelper  : HHH000204: Processing PersistenceUnitInfo [name: default]
2025-11-03T16:04:31.459+05:30  INFO 36025 --- [           main] org.hibernate.Version                    : HHH000412: Hibernate ORM core version 6.2.13.Final
2025-11-03T16:04:31.460+05:30  INFO 36025 --- [           main] org.hibernate.cfg.Environment            : HHH000406: Using bytecode reflection optimizer
2025-11-03T16:04:31.609+05:30  INFO 36025 --- [           main] o.s.o.j.p.SpringPersistenceUnitInfo      : No LoadTimeWeaver setup: ignoring JPA class transformer
2025-11-03T16:04:31.625+05:30  WARN 36025 --- [           main] org.hibernate.orm.deprecation            : HHH90000025: H2Dialect does not need to be specified explicitly using 'hibernate.dialect' (remove the property setting and it will be selected by default)
2025-11-03T16:04:31.979+05:30  INFO 36025 --- [           main] o.h.e.t.j.p.i.JtaPlatformInitiator       : HHH000489: No JTA platform available (set 'hibernate.transaction.jta.platform' to enable JTA platform integration)
Hibernate: 
    drop table if exists products cascade 
Hibernate: 
    create table products (
        current_redemptions integer check (current_redemptions>=0),
        discount_percentage numeric(5,2),
        is_featured boolean,
        is_offer_active boolean,
        max_redemptions integer check (max_redemptions>=0),
        offer_price numeric(12,2),
        original_price numeric(12,2) not null,
        stock_quantity integer check (stock_quantity>=0),
        brand_id bigint not null,
        created_at timestamp(6) not null,
        id bigint generated by default as identity,
        offer_end_date timestamp(6),
        offer_start_date timestamp(6),
        retailer_id bigint not null,
        updated_at timestamp(6),
        category varchar(100),
        sku varchar(100) unique,
        name varchar(200) not null,
        image_url varchar(500),
        offer_terms varchar(500),
        description varchar(1000),
        status varchar(255) not null check (status in ('ACTIVE','INACTIVE','OUT_OF_STOCK','DISCONTINUED','DRAFT')),
        primary key (id)
    )
2025-11-03T16:04:31.997+05:30  INFO 36025 --- [           main] j.LocalContainerEntityManagerFactoryBean : Initialized JPA EntityManagerFactory for persistence unit 'default'
2025-11-03T16:04:32.013+05:30  WARN 36025 --- [           main] JpaBaseConfiguration$JpaWebConfiguration : spring.jpa.open-in-view is enabled by default. Therefore, database queries may be performed during view rendering. Explicitly configure spring.jpa.open-in-view to disable this warning
2025-11-03T16:04:32.256+05:30  INFO 36025 --- [           main] o.s.b.w.embedded.tomcat.TomcatWebServer  : Tomcat started on port(s): 8083 (http) with context path ''
2025-11-03T16:04:32.261+05:30  INFO 36025 --- [           main] c.o.product.ProductServiceApplication    : Started ProductServiceApplication in 2.065 seconds (process running for 2.252)

================================================================================
ðŸš€ PRODUCT SERVICE SUCCESSFULLY STARTED! ðŸš€
================================================================================

ðŸ“‹ SERVICE INFORMATION:
   Service: PRODUCT-SERVICE
   Port: 8083
   Database: productdb
   Base URL: http://localhost:8083
   H2 Console: http://localhost:8083/h2-console

ðŸ” H2 DATABASE CONNECTION DETAILS:
   JDBC URL: jdbc:h2:mem:productdb
   Username: sa
   Password: (leave empty)
   Driver: org.h2.Driver

ðŸ› ï¸  REST API ENDPOINTS:
   GET    http://localhost:8083/api/products          - Get all products
   GET    http://localhost:8083/api/products/{id}     - Get product by ID
   POST   http://localhost:8083/api/products          - Create new product
   PUT    http://localhost:8083/api/products/{id}     - Update product
   DELETE http://localhost:8083/api/products/{id}     - Delete product

ðŸ“ SAMPLE JSON FOR POST/PUT (Products with Integrated Offers):
   {
       "name": "iPhone 15 Pro",
       "description": "Latest iPhone with amazing features",
       "retailerId": 1,
       "brandId": 1,
       "originalPrice": 999.99,
       "offerPrice": 799.99,
       "offerStartDate": "2024-01-01T00:00:00",
       "offerEndDate": "2024-12-31T23:59:59",
       "isOfferActive": true,
       "category": "Electronics",
       "sku": "IPHONE15PRO",
       "stockQuantity": 100,
       "maxRedemptions": 50,
       "offerTerms": "Limited time offer",
       "status": "ACTIVE"
   }

ðŸ”§ QUICK CURL TESTING COMMANDS:
   # Get all products
   curl -X GET http://localhost:8083/api/products

   # Create a new product with offer
   curl -X POST http://localhost:8083/api/products \
        -H "Content-Type: application/json" \
        -d '{"name":"Sample Product","originalPrice":100,"offerPrice":80,"isOfferActive":true}'

ðŸ§ª TESTING STEPS:
   1. ðŸŒ Open browser: http://localhost:8083/h2-console
   2. ðŸ”— Use JDBC URL: jdbc:h2:mem:productdb
   3. ðŸ“Š Check 'products' table: SELECT * FROM products
   4. ðŸ”„ Test APIs using curl commands above
   5. âœ… Verify offer calculations work automatically

ðŸ’¡ SPECIAL FEATURES:
   - Integrated Offers: No separate offer entity needed
   - Auto Discount Calculation: Updates when prices change
   - Offer Validation: Checks dates, redemptions, stock
   - Effective Price: Returns offer price when valid, original otherwise

================================================================================
âœ¨ Product Service with Integrated Offers is ready for testing! âœ¨
================================================================================
2025-11-03T16:06:23.320+05:30  INFO 36025 --- [nio-8083-exec-1] o.a.c.c.C.[Tomcat].[localhost].[/]       : Initializing Spring DispatcherServlet 'dispatcherServlet'
2025-11-03T16:06:23.320+05:30  INFO 36025 --- [nio-8083-exec-1] o.s.web.servlet.DispatcherServlet        : Initializing Servlet 'dispatcherServlet'
2025-11-03T16:06:23.326+05:30  INFO 36025 --- [nio-8083-exec-1] o.s.web.servlet.DispatcherServlet        : Completed initialization in 6 ms
[INFO] ------------------------------------------------------------------------
[INFO] BUILD FAILURE
[INFO] ------------------------------------------------------------------------
[INFO] Total time:  38:28 min
[INFO] Finished at: 2025-11-03T16:42:53+05:30
[INFO] ------------------------------------------------------------------------
[ERROR] Failed to execute goal org.springframework.boot:spring-boot-maven-plugin:3.1.5:run (default-cli) on project product-service: Process terminated with exit code: 137 -> [Help 1]
[ERROR] 
[ERROR] To see the full stack trace of the errors, re-run Maven with the -e switch.
[ERROR] Re-run Maven using the -X switch to enable full debug logging.
[ERROR] 
[ERROR] For more information about the errors and possible solutions, please read the following articles:
[ERROR] [Help 1] http://cwiki.apache.org/confluence/display/MAVEN/MojoExecutionException
