[INFO] Scanning for projects...
[INFO] 
[INFO] --------------------< com.offerzone:brand-service >---------------------
[INFO] Building Brand Service 1.0.0
[INFO]   from pom.xml
[INFO] --------------------------------[ jar ]---------------------------------
[INFO] 
[INFO] >>> spring-boot:3.1.5:run (default-cli) > test-compile @ brand-service >>>
[INFO] 
[INFO] --- resources:3.3.1:resources (default-resources) @ brand-service ---
[INFO] Copying 1 resource from src/main/resources to target/classes
[INFO] Copying 0 resource from src/main/resources to target/classes
[INFO] 
[INFO] --- compiler:3.11.0:compile (default-compile) @ brand-service ---
[INFO] Nothing to compile - all classes are up to date
[INFO] 
[INFO] --- resources:3.3.1:testResources (default-testResources) @ brand-service ---
[INFO] skip non existing resourceDirectory /Users/I528989/Desktop/Bits/Sem 3/Api Project/APIBP-20242YB-Team-11/Backend/brand-service/src/test/resources
[INFO] 
[INFO] --- compiler:3.11.0:testCompile (default-testCompile) @ brand-service ---
[INFO] No sources to compile
[INFO] 
[INFO] <<< spring-boot:3.1.5:run (default-cli) < test-compile @ brand-service <<<
[INFO] 
[INFO] 
[INFO] --- spring-boot:3.1.5:run (default-cli) @ brand-service ---
[INFO] Attaching agents: []

  .   ____          _            __ _ _
 /\\ / ___'_ __ _ _(_)_ __  __ _ \ \ \ \
( ( )\___ | '_ | '_| | '_ \/ _` | \ \ \ \
 \\/  ___)| |_)| | | | | || (_| |  ) ) ) )
  '  |____| .__|_| |_|_| |_\__, | / / / /
 =========|_|==============|___/=/_/_/_/
 :: Spring Boot ::                (v3.1.5)

2025-11-03T16:27:22.738+05:30  INFO 74562 --- [           main] c.o.brand.BrandServiceApplication        : Starting BrandServiceApplication using Java 17.0.16 with PID 74562 (/Users/I528989/Desktop/Bits/Sem 3/Api Project/APIBP-20242YB-Team-11/Backend/brand-service/target/classes started by I528989 in /Users/I528989/Desktop/Bits/Sem 3/Api Project/APIBP-20242YB-Team-11/Backend/brand-service)
2025-11-03T16:27:22.738+05:30  INFO 74562 --- [           main] c.o.brand.BrandServiceApplication        : No active profile set, falling back to 1 default profile: "default"
2025-11-03T16:27:22.926+05:30  INFO 74562 --- [           main] .s.d.r.c.RepositoryConfigurationDelegate : Bootstrapping Spring Data JPA repositories in DEFAULT mode.
2025-11-03T16:27:22.950+05:30  INFO 74562 --- [           main] .s.d.r.c.RepositoryConfigurationDelegate : Finished Spring Data repository scanning in 20 ms. Found 1 JPA repository interfaces.
2025-11-03T16:27:23.185+05:30  INFO 74562 --- [           main] o.s.b.w.embedded.tomcat.TomcatWebServer  : Tomcat initialized with port(s): 8084 (http)
2025-11-03T16:27:23.191+05:30  INFO 74562 --- [           main] o.apache.catalina.core.StandardService   : Starting service [Tomcat]
2025-11-03T16:27:23.191+05:30  INFO 74562 --- [           main] o.apache.catalina.core.StandardEngine    : Starting Servlet engine: [Apache Tomcat/10.1.15]
2025-11-03T16:27:23.242+05:30  INFO 74562 --- [           main] o.a.c.c.C.[Tomcat].[localhost].[/]       : Initializing Spring embedded WebApplicationContext
2025-11-03T16:27:23.242+05:30  INFO 74562 --- [           main] w.s.c.ServletWebServerApplicationContext : Root WebApplicationContext: initialization completed in 491 ms
2025-11-03T16:27:23.257+05:30  INFO 74562 --- [           main] com.zaxxer.hikari.HikariDataSource       : HikariPool-1 - Starting...
2025-11-03T16:27:23.326+05:30  INFO 74562 --- [           main] com.zaxxer.hikari.pool.HikariPool        : HikariPool-1 - Added connection conn0: url=jdbc:h2:mem:branddb user=SA
2025-11-03T16:27:23.331+05:30  INFO 74562 --- [           main] com.zaxxer.hikari.HikariDataSource       : HikariPool-1 - Start completed.
2025-11-03T16:27:23.335+05:30  INFO 74562 --- [           main] o.s.b.a.h2.H2ConsoleAutoConfiguration    : H2 console available at '/h2-console'. Database available at 'jdbc:h2:mem:branddb'
2025-11-03T16:27:23.381+05:30  INFO 74562 --- [           main] o.hibernate.jpa.internal.util.LogHelper  : HHH000204: Processing PersistenceUnitInfo [name: default]
2025-11-03T16:27:23.400+05:30  INFO 74562 --- [           main] org.hibernate.Version                    : HHH000412: Hibernate ORM core version 6.2.13.Final
2025-11-03T16:27:23.401+05:30  INFO 74562 --- [           main] org.hibernate.cfg.Environment            : HHH000406: Using bytecode reflection optimizer
2025-11-03T16:27:23.496+05:30  INFO 74562 --- [           main] o.s.o.j.p.SpringPersistenceUnitInfo      : No LoadTimeWeaver setup: ignoring JPA class transformer
2025-11-03T16:27:23.512+05:30  WARN 74562 --- [           main] org.hibernate.orm.deprecation            : HHH90000025: H2Dialect does not need to be specified explicitly using 'hibernate.dialect' (remove the property setting and it will be selected by default)
2025-11-03T16:27:23.789+05:30  INFO 74562 --- [           main] o.h.e.t.j.p.i.JtaPlatformInitiator       : HHH000489: No JTA platform available (set 'hibernate.transaction.jta.platform' to enable JTA platform integration)
Hibernate: drop table if exists brands cascade 
Hibernate: create table brands (is_featured boolean, is_verified boolean, rating float(53), review_count integer check (review_count>=0), created_at timestamp(6) not null, id bigint generated by default as identity, updated_at timestamp(6), zip_code varchar(10), contact_phone varchar(15), category varchar(100), city varchar(100), country varchar(100), name varchar(100) not null, state varchar(100), contact_email varchar(150), address varchar(200), description varchar(500), facebook_url varchar(500), instagram_url varchar(500), logo_url varchar(500), operating_hours varchar(500), twitter_url varchar(500), website_url varchar(500), brand_type varchar(255) not null check (brand_type in ('BRAND','SHOP')), status varchar(255) not null check (status in ('ACTIVE','INACTIVE','PENDING_VERIFICATION','SUSPENDED','CLOSED')), primary key (id))
2025-11-03T16:27:23.801+05:30  INFO 74562 --- [           main] j.LocalContainerEntityManagerFactoryBean : Initialized JPA EntityManagerFactory for persistence unit 'default'
2025-11-03T16:27:23.883+05:30  WARN 74562 --- [           main] JpaBaseConfiguration$JpaWebConfiguration : spring.jpa.open-in-view is enabled by default. Therefore, database queries may be performed during view rendering. Explicitly configure spring.jpa.open-in-view to disable this warning
2025-11-03T16:27:23.977+05:30  WARN 74562 --- [           main] ConfigServletWebServerApplicationContext : Exception encountered during context initialization - cancelling refresh attempt: org.springframework.context.ApplicationContextException: Failed to start bean 'webServerStartStop'
2025-11-03T16:27:23.977+05:30  INFO 74562 --- [           main] j.LocalContainerEntityManagerFactoryBean : Closing JPA EntityManagerFactory for persistence unit 'default'
Hibernate: drop table if exists brands cascade 
2025-11-03T16:27:23.979+05:30  INFO 74562 --- [           main] com.zaxxer.hikari.HikariDataSource       : HikariPool-1 - Shutdown initiated...
2025-11-03T16:27:23.979+05:30  INFO 74562 --- [           main] com.zaxxer.hikari.HikariDataSource       : HikariPool-1 - Shutdown completed.
2025-11-03T16:27:23.980+05:30  INFO 74562 --- [           main] o.apache.catalina.core.StandardService   : Stopping service [Tomcat]
2025-11-03T16:27:23.984+05:30  INFO 74562 --- [           main] .s.b.a.l.ConditionEvaluationReportLogger : 

Error starting ApplicationContext. To display the condition evaluation report re-run your application with 'debug' enabled.
2025-11-03T16:27:23.989+05:30 ERROR 74562 --- [           main] o.s.b.d.LoggingFailureAnalysisReporter   : 

***************************
APPLICATION FAILED TO START
***************************

Description:

Web server failed to start. Port 8084 was already in use.

Action:

Identify and stop the process that's listening on port 8084 or configure this application to listen on another port.

[INFO] ------------------------------------------------------------------------
[INFO] BUILD FAILURE
[INFO] ------------------------------------------------------------------------
[INFO] Total time:  2.405 s
[INFO] Finished at: 2025-11-03T16:27:24+05:30
[INFO] ------------------------------------------------------------------------
[ERROR] Failed to execute goal org.springframework.boot:spring-boot-maven-plugin:3.1.5:run (default-cli) on project brand-service: Process terminated with exit code: 1 -> [Help 1]
[ERROR] 
[ERROR] To see the full stack trace of the errors, re-run Maven with the -e switch.
[ERROR] Re-run Maven using the -X switch to enable full debug logging.
[ERROR] 
[ERROR] For more information about the errors and possible solutions, please read the following articles:
[ERROR] [Help 1] http://cwiki.apache.org/confluence/display/MAVEN/MojoExecutionException
